<?xml version="1.0" encoding="UTF-8"?>
<!-- Generated by org.testng.reporters.JUnitReportReporter -->
<testsuite hostname="DESKTOP-33QM06K" failures="0" tests="1" name="testCases.FieldUploadDemo2" time="1.598" errors="0" timestamp="2024-10-23T23:23:08 CEST" skipped="0">
  <testcase classname="testCases.FieldUploadDemo2" name="fileUploadTest" time="1.598"/>
</testsuite> <!-- testCases.FieldUploadDemo2 -->
